<?xml version="1.0" encoding="utf-8"?><testsuites name="pytest tests"><testsuite name="pytest" errors="0" failures="2" skipped="0" tests="40" time="28.330" timestamp="2026-09-16T00:48:43.606198+00:00" hostname="agent-env-f72533bf-c818-42b9-b0db-4946b12078f9"><testcase classname="backend.tests.test_kernel_diplomacy.TestFullGameLoop" name="test_01_create_game" time="0.328" /><testcase classname="backend.tests.test_kernel_diplomacy.TestFullGameLoop" name="test_02_join_bob" time="0.271" /><testcase classname="backend.tests.test_kernel_diplomacy.TestFullGameLoop" name="test_03_join_carol_auto_start" time="0.275" /><testcase classname="backend.tests.test_kernel_diplomacy.TestFullGameLoop" name="test_04_state_shape" time="0.309" /><testcase classname="backend.tests.test_kernel_diplomacy.TestFullGameLoop" name="test_05_submit_fleet_order" time="0.227" /><testcase classname="backend.tests.test_kernel_diplomacy.TestFullGameLoop" name="test_06_ready_all_advances_turn" time="3.209" /><testcase classname="backend.tests.test_kernel_diplomacy.TestFullGameLoop" name="test_07_replay_snapshots" time="0.176" /><testcase classname="backend.tests.test_kernel_diplomacy.TestDiplomacy" name="test_01_send_offer" time="0.833" /><testcase classname="backend.tests.test_kernel_diplomacy.TestDiplomacy" name="test_02_bob_sees_open_message" time="0.252" /><testcase classname="backend.tests.test_kernel_diplomacy.TestDiplomacy" name="test_03_bob_counter" time="1.101" /><testcase classname="backend.tests.test_kernel_diplomacy.TestDiplomacy" name="test_04_alice_accepts_counter" time="0.488" /><testcase classname="backend.tests.test_kernel_diplomacy.TestDiplomacy" name="test_05_decline_flow" time="1.333" /><testcase classname="backend.tests.test_kernel_owed_pact" name="test_kernel_ping_v3" time="0.050" /><testcase classname="backend.tests.test_kernel_owed_pact.TestOwedPactE2E" name="test_01_setup_game" time="0.618" /><testcase classname="backend.tests.test_kernel_owed_pact.TestOwedPactE2E" name="test_02_inbox_has_v3_fields" time="0.206" /><testcase classname="backend.tests.test_kernel_owed_pact.TestOwedPactE2E" name="test_03_send_trade_alice_to_bob" time="1.143" /><testcase classname="backend.tests.test_kernel_owed_pact.TestOwedPactE2E" name="test_04_bob_accepts" time="0.230" /><testcase classname="backend.tests.test_kernel_owed_pact.TestOwedPactE2E" name="test_05_alice_inbox_shows_owed_delivery" time="0.202" /><testcase classname="backend.tests.test_kernel_owed_pact.TestOwedPactE2E" name="test_06_bob_inbox_also_shows_owed_delivery" time="0.184" /><testcase classname="backend.tests.test_kernel_owed_pact.TestOwedPactE2E" name="test_07_deliver_pact_succeeds" time="0.233" /><testcase classname="backend.tests.test_kernel_owed_pact.TestOwedPactE2E" name="test_08_deliver_pact_bogus_still_400" time="0.164" /><testcase classname="backend.tests.test_kernel_owed_pact.TestOwedPactE2E" name="test_09_after_deliver_owed_shrinks" time="0.191" /><testcase classname="backend.tests.test_kernel_owed_pact.TestPersistenceRegression" name="test_persistence_roundtrip" time="4.988" /><testcase classname="backend.tests.test_kernel_persistence.TestPersistence" name="test_01_create_game_persists_to_mongo" time="1.354" /><testcase classname="backend.tests.test_kernel_persistence.TestPersistence" name="test_02_list_games_reflects_mongo" time="0.108" /><testcase classname="backend.tests.test_kernel_persistence.TestPersistence" name="test_03_join_second_player" time="0.293" /><testcase classname="backend.tests.test_kernel_persistence.TestPersistence" name="test_04_restart_backend_and_reload_from_mongo" time="3.176" /><testcase classname="backend.tests.test_kernel_persistence.TestDiplomacyExtras" name="test_01_inbox_shape" time="0.179" /><testcase classname="backend.tests.test_kernel_persistence.TestDiplomacyExtras" name="test_02_frontier_shape" time="0.177" /><testcase classname="backend.tests.test_kernel_persistence.TestDiplomacyExtras" name="test_03_answer_incident_bogus_returns_400" time="0.176" /><testcase classname="backend.tests.test_kernel_persistence.TestDiplomacyExtras" name="test_04_deliver_pact_bogus_returns_400" time="0.161" /><testcase classname="backend.tests.test_kernel_persistence.TestGameLoopEndToEnd" name="test_01_state_before" time="0.160" /><testcase classname="backend.tests.test_kernel_persistence.TestGameLoopEndToEnd" name="test_02_ready_both_players_advances_turn" time="2.917" /><testcase classname="backend.tests.test_kernel_recap" name="test_kernel_ping_v4" time="0.050" /><testcase classname="backend.tests.test_kernel_recap" name="test_save_version_unchanged" time="0.000" /><testcase classname="backend.tests.test_kernel_recap.TestRecapEndpoint" name="test_01_setup_game" time="0.495" /><testcase classname="backend.tests.test_kernel_recap.TestRecapEndpoint" name="test_02_missing_player_id_4xx" time="0.127" /><testcase classname="backend.tests.test_kernel_recap.TestRecapEndpoint" name="test_03_bogus_player_id_4xx" time="0.223"><failure message="AssertionError: expected 4xx, got 200: {&quot;turn&quot;:1,&quot;previousTurn&quot;:1,&quot;phase&quot;:&quot;activity&quot;,&quot;result&quot;:null,&quot;winnerIds&quot;:[],&quot;log&quot;:[],&quot;promiseReports&quot;:[],&quot;snapshot&quot;:{&quot;turn&quot;:1,&quot;phase&quot;:&quot;activity&quot;,&quot;systems&quot;:[{&quot;id&quot;:&quot;sys-mu3durzo-8-as84&quot;,&quot;name&quot;:&quot;Ashen Tau&#10;assert 400 &lt;= 200&#10; +  where 200 = &lt;Response [200]&gt;.status_code">E   AssertionError: expected 4xx, got 200: {"turn":1,"previousTurn":1,"phase":"activity","result":null,"winnerIds":[],"log":[],"promiseReports":[],"snapshot":{"turn":1,"phase":"activity","systems":[{"id":"sys-mu3durzo-8-as84","name":"Ashen Tau
    assert 400 &lt;= 200
     +  where 200 = &lt;Response [200]&gt;.status_code</failure></testcase><testcase classname="backend.tests.test_kernel_recap.TestRecapEndpoint" name="test_04_recap_shape_before_resolve" time="0.189" /><testcase classname="backend.tests.test_kernel_recap.TestRecapEndpoint" name="test_05_resolve_then_recap" time="1.348"><failure message="AssertionError: snapshot missing players; got ['turn', 'phase', 'systems', 'resources', 'combat']&#10;assert 'players' in {'combat': [{'systemId': 'sys-mu3durzp-h-a55s', 'text': 'Helion Concord occupies Quillon Weald.'}, {'systemId': 'sys-mu3durzp-i-etuq', 'text': 'Kryth Collective occupies Lumen Gamma.'}, {'systemId': 'sys-mu3durzp-k-iu0f', 'text': 'Kryth Collective occupies Nadir Verge.'}, {'systemId': 'sys-mu3durzp-n-3oa4', 'text': 'Helion Concord occupies Lumen-151.'}, {'systemId': 'sys-mu3durzp-p-hnmk', 'text': 'Helion Concord occupies Zeta Rigel.'}], 'phase': 'report', 'resources': {'p-mu3durzn-1-kh1v': {'chon': 3, 'metals': 3, 'tech': 3}, 'p-mu3durzo-3-ccvr': {'chon': 4, 'metals': 4, 'tech': 3}, 'p-mu3durzo-6-djeg': {'chon': 3, 'metals': 3, 'tech': 3}}, 'systems': [{'fleets': [{'n': 1, 'ownerId': 'p-mu3durzn-1-kh1v'}], 'id': 'sys-mu3durzo-8-as84', 'isHome': True, 'name': 'Ashen Tau', ...}, {'fleets': [{'n': 1, 'ownerId': 'p-mu3durzn-1-kh1v'}], 'id': 'sys-mu3durzo-9-37no', 'isHome': True, 'name': 'Vela Mu', ...}, {'fleets': [{'n': 1, 'ownerId': 'p-mu3durzn-1-kh1v'}], 'id': 'sys-mu3durzo-a-k31v', 'isHome': True, 'name': 'Harrow Pinnacle', ...}, {'fleets': [], 'id': 'sys-mu3durzp-b-83dr', 'isHome': True, 'name': 'Orion March', ...}, {'fleets': [], 'id': 'sys-mu3durzp-c-3ju8', 'isHome': True, 'name': 'Vesper Xi', ...}, {'fleets': [], 'id': 'sys-mu3durzp-d-7os9', 'isHome': True, 'name': 'Caelum-162', ...}, ...], ...}">E   AssertionError: snapshot missing players; got ['turn', 'phase', 'systems', 'resources', 'combat']
    assert 'players' in {'combat': [{'systemId': 'sys-mu3durzp-h-a55s', 'text': 'Helion Concord occupies Quillon Weald.'}, {'systemId': 'sys-mu3durzp-i-etuq', 'text': 'Kryth Collective occupies Lumen Gamma.'}, {'systemId': 'sys-mu3durzp-k-iu0f', 'text': 'Kryth Collective occupies Nadir Verge.'}, {'systemId': 'sys-mu3durzp-n-3oa4', 'text': 'Helion Concord occupies Lumen-151.'}, {'systemId': 'sys-mu3durzp-p-hnmk', 'text': 'Helion Concord occupies Zeta Rigel.'}], 'phase': 'report', 'resources': {'p-mu3durzn-1-kh1v': {'chon': 3, 'metals': 3, 'tech': 3}, 'p-mu3durzo-3-ccvr': {'chon': 4, 'metals': 4, 'tech': 3}, 'p-mu3durzo-6-djeg': {'chon': 3, 'metals': 3, 'tech': 3}}, 'systems': [{'fleets': [{'n': 1, 'ownerId': 'p-mu3durzn-1-kh1v'}], 'id': 'sys-mu3durzo-8-as84', 'isHome': True, 'name': 'Ashen Tau', ...}, {'fleets': [{'n': 1, 'ownerId': 'p-mu3durzn-1-kh1v'}], 'id': 'sys-mu3durzo-9-37no', 'isHome': True, 'name': 'Vela Mu', ...}, {'fleets': [{'n': 1, 'ownerId': 'p-mu3durzn-1-kh1v'}], 'id': 'sys-mu3durzo-a-k31v', 'isHome': True, 'name': 'Harrow Pinnacle', ...}, {'fleets': [], 'id': 'sys-mu3durzp-b-83dr', 'isHome': True, 'name': 'Orion March', ...}, {'fleets': [], 'id': 'sys-mu3durzp-c-3ju8', 'isHome': True, 'name': 'Vesper Xi', ...}, {'fleets': [], 'id': 'sys-mu3durzp-d-7os9', 'isHome': True, 'name': 'Caelum-162', ...}, ...], ...}</failure></testcase></testsuite></testsuites>