<?xml version="1.0" encoding="utf-8"?><testsuites name="pytest tests"><testsuite name="pytest" errors="0" failures="0" skipped="0" tests="22" time="18.674" timestamp="2026-09-14T21:52:21.260525+00:00" hostname="agent-env-f72533bf-c818-42b9-b0db-4946b12078f9"><testcase classname="backend.tests.test_kernel_persistence.TestPersistence" name="test_01_create_game_persists_to_mongo" time="1.385" /><testcase classname="backend.tests.test_kernel_persistence.TestPersistence" name="test_02_list_games_reflects_mongo" time="0.151" /><testcase classname="backend.tests.test_kernel_persistence.TestPersistence" name="test_03_join_second_player" time="0.343" /><testcase classname="backend.tests.test_kernel_persistence.TestPersistence" name="test_04_restart_backend_and_reload_from_mongo" time="3.512" /><testcase classname="backend.tests.test_kernel_persistence.TestDiplomacyExtras" name="test_01_inbox_shape" time="0.200" /><testcase classname="backend.tests.test_kernel_persistence.TestDiplomacyExtras" name="test_02_frontier_shape" time="0.190" /><testcase classname="backend.tests.test_kernel_persistence.TestDiplomacyExtras" name="test_03_answer_incident_bogus_returns_400" time="0.194" /><testcase classname="backend.tests.test_kernel_persistence.TestDiplomacyExtras" name="test_04_deliver_pact_bogus_returns_400" time="0.202" /><testcase classname="backend.tests.test_kernel_persistence.TestGameLoopEndToEnd" name="test_01_state_before" time="0.167" /><testcase classname="backend.tests.test_kernel_persistence.TestGameLoopEndToEnd" name="test_02_ready_both_players_advances_turn" time="3.066" /><testcase classname="backend.tests.test_kernel_diplomacy.TestFullGameLoop" name="test_01_create_game" time="0.222" /><testcase classname="backend.tests.test_kernel_diplomacy.TestFullGameLoop" name="test_02_join_bob" time="0.283" /><testcase classname="backend.tests.test_kernel_diplomacy.TestFullGameLoop" name="test_03_join_carol_auto_start" time="0.278" /><testcase classname="backend.tests.test_kernel_diplomacy.TestFullGameLoop" name="test_04_state_shape" time="0.351" /><testcase classname="backend.tests.test_kernel_diplomacy.TestFullGameLoop" name="test_05_submit_fleet_order" time="0.209" /><testcase classname="backend.tests.test_kernel_diplomacy.TestFullGameLoop" name="test_06_ready_all_advances_turn" time="3.288" /><testcase classname="backend.tests.test_kernel_diplomacy.TestFullGameLoop" name="test_07_replay_snapshots" time="0.208" /><testcase classname="backend.tests.test_kernel_diplomacy.TestDiplomacy" name="test_01_send_offer" time="0.809" /><testcase classname="backend.tests.test_kernel_diplomacy.TestDiplomacy" name="test_02_bob_sees_open_message" time="0.299" /><testcase classname="backend.tests.test_kernel_diplomacy.TestDiplomacy" name="test_03_bob_counter" time="1.151" /><testcase classname="backend.tests.test_kernel_diplomacy.TestDiplomacy" name="test_04_alice_accepts_counter" time="0.615" /><testcase classname="backend.tests.test_kernel_diplomacy.TestDiplomacy" name="test_05_decline_flow" time="1.356" /></testsuite></testsuites>