<?xml version="1.0" encoding="utf-8"?><testsuites name="pytest tests"><testsuite name="pytest" errors="0" failures="0" skipped="0" tests="12" time="2.748" timestamp="2026-08-18T13:59:07.740780+00:00" hostname="agent-env-de9135a3-3dec-4455-97f0-bff886546a4b"><testcase classname="tests.backend.test_replay" name="test_score_card_included_in_final_victory" time="0.002" /><testcase classname="tests.backend.test_replay" name="test_snapshots_captured_at_game_start_and_after_resolve" time="0.001" /><testcase classname="tests.backend.test_replay" name="test_snapshot_captured_on_victory_turn_at_final_turn_number" time="0.001" /><testcase classname="tests.backend.test_replay" name="test_replay_endpoint_returns_snapshots_and_joined_player_names" time="0.015" /><testcase classname="tests.backend.test_replay" name="test_replay_endpoint_404_for_missing_game" time="0.003" /><testcase classname="tests.backend.test_victory_lock_http" name="test_state_still_readable_and_shows_game_over" time="1.102" /><testcase classname="tests.backend.test_victory_lock_http" name="test_orders_returns_409" time="0.140" /><testcase classname="tests.backend.test_victory_lock_http" name="test_build_orders_returns_409" time="0.149" /><testcase classname="tests.backend.test_victory_lock_http" name="test_ready_returns_409" time="0.178" /><testcase classname="tests.backend.test_victory_lock_http" name="test_resolve_turn_returns_409" time="0.141" /><testcase classname="tests.backend.test_victory_lock_http" name="test_timer_returns_409" time="0.157" /><testcase classname="tests.backend.test_victory_lock_http" name="test_rally_returns_409" time="0.142" /></testsuite></testsuites>