<?xml version="1.0" encoding="utf-8"?><testsuites name="pytest tests"><testsuite name="pytest" errors="0" failures="1" skipped="0" tests="40" time="28.755" timestamp="2026-09-16T00:52:23.480175+00:00" hostname="agent-env-f72533bf-c818-42b9-b0db-4946b12078f9"><testcase classname="backend.tests.test_kernel_diplomacy.TestFullGameLoop" name="test_01_create_game" time="0.380" /><testcase classname="backend.tests.test_kernel_diplomacy.TestFullGameLoop" name="test_02_join_bob" time="0.276" /><testcase classname="backend.tests.test_kernel_diplomacy.TestFullGameLoop" name="test_03_join_carol_auto_start" time="0.270" /><testcase classname="backend.tests.test_kernel_diplomacy.TestFullGameLoop" name="test_04_state_shape" time="0.269" /><testcase classname="backend.tests.test_kernel_diplomacy.TestFullGameLoop" name="test_05_submit_fleet_order" time="0.260" /><testcase classname="backend.tests.test_kernel_diplomacy.TestFullGameLoop" name="test_06_ready_all_advances_turn" time="3.266" /><testcase classname="backend.tests.test_kernel_diplomacy.TestFullGameLoop" name="test_07_replay_snapshots" time="0.138" /><testcase classname="backend.tests.test_kernel_diplomacy.TestDiplomacy" name="test_01_send_offer" time="0.842" /><testcase classname="backend.tests.test_kernel_diplomacy.TestDiplomacy" name="test_02_bob_sees_open_message" time="0.302" /><testcase classname="backend.tests.test_kernel_diplomacy.TestDiplomacy" name="test_03_bob_counter" time="1.098" /><testcase classname="backend.tests.test_kernel_diplomacy.TestDiplomacy" name="test_04_alice_accepts_counter" time="0.489" /><testcase classname="backend.tests.test_kernel_diplomacy.TestDiplomacy" name="test_05_decline_flow" time="1.347" /><testcase classname="backend.tests.test_kernel_owed_pact" name="test_kernel_ping_v3" time="0.051" /><testcase classname="backend.tests.test_kernel_owed_pact.TestOwedPactE2E" name="test_01_setup_game" time="0.598" /><testcase classname="backend.tests.test_kernel_owed_pact.TestOwedPactE2E" name="test_02_inbox_has_v3_fields" time="0.176" /><testcase classname="backend.tests.test_kernel_owed_pact.TestOwedPactE2E" name="test_03_send_trade_alice_to_bob" time="1.188" /><testcase classname="backend.tests.test_kernel_owed_pact.TestOwedPactE2E" name="test_04_bob_accepts" time="0.224" /><testcase classname="backend.tests.test_kernel_owed_pact.TestOwedPactE2E" name="test_05_alice_inbox_shows_owed_delivery" time="0.233" /><testcase classname="backend.tests.test_kernel_owed_pact.TestOwedPactE2E" name="test_06_bob_inbox_also_shows_owed_delivery" time="0.165" /><testcase classname="backend.tests.test_kernel_owed_pact.TestOwedPactE2E" name="test_07_deliver_pact_succeeds" time="0.212" /><testcase classname="backend.tests.test_kernel_owed_pact.TestOwedPactE2E" name="test_08_deliver_pact_bogus_still_400" time="0.150" /><testcase classname="backend.tests.test_kernel_owed_pact.TestOwedPactE2E" name="test_09_after_deliver_owed_shrinks" time="0.187" /><testcase classname="backend.tests.test_kernel_owed_pact.TestPersistenceRegression" name="test_persistence_roundtrip" time="5.004" /><testcase classname="backend.tests.test_kernel_persistence.TestPersistence" name="test_01_create_game_persists_to_mongo" time="1.442" /><testcase classname="backend.tests.test_kernel_persistence.TestPersistence" name="test_02_list_games_reflects_mongo" time="0.141" /><testcase classname="backend.tests.test_kernel_persistence.TestPersistence" name="test_03_join_second_player" time="0.282" /><testcase classname="backend.tests.test_kernel_persistence.TestPersistence" name="test_04_restart_backend_and_reload_from_mongo" time="3.505" /><testcase classname="backend.tests.test_kernel_persistence.TestDiplomacyExtras" name="test_01_inbox_shape" time="0.178" /><testcase classname="backend.tests.test_kernel_persistence.TestDiplomacyExtras" name="test_02_frontier_shape" time="0.160" /><testcase classname="backend.tests.test_kernel_persistence.TestDiplomacyExtras" name="test_03_answer_incident_bogus_returns_400" time="0.166" /><testcase classname="backend.tests.test_kernel_persistence.TestDiplomacyExtras" name="test_04_deliver_pact_bogus_returns_400" time="0.144" /><testcase classname="backend.tests.test_kernel_persistence.TestGameLoopEndToEnd" name="test_01_state_before" time="0.162" /><testcase classname="backend.tests.test_kernel_persistence.TestGameLoopEndToEnd" name="test_02_ready_both_players_advances_turn" time="3.001" /><testcase classname="backend.tests.test_kernel_recap" name="test_kernel_ping_v4" time="0.048" /><testcase classname="backend.tests.test_kernel_recap" name="test_save_version_unchanged" time="0.000" /><testcase classname="backend.tests.test_kernel_recap.TestRecapEndpoint" name="test_01_setup_game" time="0.453" /><testcase classname="backend.tests.test_kernel_recap.TestRecapEndpoint" name="test_02_missing_player_id_4xx" time="0.134" /><testcase classname="backend.tests.test_kernel_recap.TestRecapEndpoint" name="test_03_bogus_player_id_4xx" time="0.108" /><testcase classname="backend.tests.test_kernel_recap.TestRecapEndpoint" name="test_04_recap_shape_before_resolve" time="0.172" /><testcase classname="backend.tests.test_kernel_recap.TestRecapEndpoint" name="test_05_resolve_then_recap" time="1.341"><failure message="AssertionError: snapshot missing players; got ['turn', 'phase', 'systems', 'resources', 'combat']&#10;assert 'players' in {'combat': [{'systemId': 'sys-mu3dzi2w-h-5dr5', 'text': 'Kryth Collective occupies Palladium Delta.'}, {'systemId': 'sys-mu3dzi2w-k-upf', 'text': 'Helion Concord occupies Iota Kepler.'}, {'systemId': 'sys-mu3dzi2w-l-aw1w', 'text': 'Helion Concord occupies Mu Kryth.'}, {'systemId': 'sys-mu3dzi2w-m-2pcy', 'text': 'Kryth Collective occupies Icarus Deep.'}, {'systemId': 'sys-mu3dzi2w-w-5f3x', 'text': 'Kryth Collective occupies Aurel-866.'}], 'phase': 'report', 'resources': {'p-mu3dzi2v-1-g0py': {'chon': 3, 'metals': 3, 'tech': 3}, 'p-mu3dzi2v-3-5emv': {'chon': 5, 'metals': 5, 'tech': 3}, 'p-mu3dzi2v-6-byps': {'chon': 7, 'metals': 3, 'tech': 2}}, 'systems': [{'fleets': [{'n': 1, 'ownerId': 'p-mu3dzi2v-1-g0py'}], 'id': 'sys-mu3dzi2w-8-bwx2', 'isHome': True, 'name': 'Astra Cross', ...}, {'fleets': [{'n': 1, 'ownerId': 'p-mu3dzi2v-1-g0py'}], 'id': 'sys-mu3dzi2w-9-hj1h', 'isHome': True, 'name': 'Cygnus-529', ...}, {'fleets': [{'n': 1, 'ownerId': 'p-mu3dzi2v-1-g0py'}], 'id': 'sys-mu3dzi2w-a-avlc', 'isHome': True, 'name': 'Palladium Spire', ...}, {'fleets': [], 'id': 'sys-mu3dzi2w-b-99kp', 'isHome': True, 'name': 'Icarus March', ...}, {'fleets': [], 'id': 'sys-mu3dzi2w-c-itb3', 'isHome': True, 'name': 'Kepler Threshold', ...}, {'fleets': [], 'id': 'sys-mu3dzi2w-d-dbxm', 'isHome': True, 'name': 'Umbra Choir', ...}, ...], ...}">backend/tests/test_kernel_recap.py:125: in test_05_resolve_then_recap
    assert k in snap, f"snapshot missing {k}; got {list(snap.keys())}"
E   AssertionError: snapshot missing players; got ['turn', 'phase', 'systems', 'resources', 'combat']
E   assert 'players' in {'combat': [{'systemId': 'sys-mu3dzi2w-h-5dr5', 'text': 'Kryth Collective occupies Palladium Delta.'}, {'systemId': 'sys-mu3dzi2w-k-upf', 'text': 'Helion Concord occupies Iota Kepler.'}, {'systemId': 'sys-mu3dzi2w-l-aw1w', 'text': 'Helion Concord occupies Mu Kryth.'}, {'systemId': 'sys-mu3dzi2w-m-2pcy', 'text': 'Kryth Collective occupies Icarus Deep.'}, {'systemId': 'sys-mu3dzi2w-w-5f3x', 'text': 'Kryth Collective occupies Aurel-866.'}], 'phase': 'report', 'resources': {'p-mu3dzi2v-1-g0py': {'chon': 3, 'metals': 3, 'tech': 3}, 'p-mu3dzi2v-3-5emv': {'chon': 5, 'metals': 5, 'tech': 3}, 'p-mu3dzi2v-6-byps': {'chon': 7, 'metals': 3, 'tech': 2}}, 'systems': [{'fleets': [{'n': 1, 'ownerId': 'p-mu3dzi2v-1-g0py'}], 'id': 'sys-mu3dzi2w-8-bwx2', 'isHome': True, 'name': 'Astra Cross', ...}, {'fleets': [{'n': 1, 'ownerId': 'p-mu3dzi2v-1-g0py'}], 'id': 'sys-mu3dzi2w-9-hj1h', 'isHome': True, 'name': 'Cygnus-529', ...}, {'fleets': [{'n': 1, 'ownerId': 'p-mu3dzi2v-1-g0py'}], 'id': 'sys-mu3dzi2w-a-avlc', 'isHome': True, 'name': 'Palladium Spire', ...}, {'fleets': [], 'id': 'sys-mu3dzi2w-b-99kp', 'isHome': True, 'name': 'Icarus March', ...}, {'fleets': [], 'id': 'sys-mu3dzi2w-c-itb3', 'isHome': True, 'name': 'Kepler Threshold', ...}, {'fleets': [], 'id': 'sys-mu3dzi2w-d-dbxm', 'isHome': True, 'name': 'Umbra Choir', ...}, ...], ...}</failure></testcase></testsuite></testsuites>