<?xml version="1.0" encoding="utf-8"?><testsuites name="pytest tests"><testsuite name="pytest" errors="0" failures="0" skipped="0" tests="41" time="33.028" timestamp="2026-09-17T07:48:49.301750+00:00" hostname="agent-env-f72533bf-c818-42b9-b0db-4946b12078f9"><testcase classname="backend.tests.test_kernel_diplomacy.TestFullGameLoop" name="test_01_create_game" time="0.838" /><testcase classname="backend.tests.test_kernel_diplomacy.TestFullGameLoop" name="test_02_join_bob" time="0.245" /><testcase classname="backend.tests.test_kernel_diplomacy.TestFullGameLoop" name="test_03_join_carol_auto_start" time="0.244" /><testcase classname="backend.tests.test_kernel_diplomacy.TestFullGameLoop" name="test_04_state_shape" time="0.280" /><testcase classname="backend.tests.test_kernel_diplomacy.TestFullGameLoop" name="test_05_submit_fleet_order" time="0.199" /><testcase classname="backend.tests.test_kernel_diplomacy.TestFullGameLoop" name="test_06_ready_all_advances_turn" time="3.134" /><testcase classname="backend.tests.test_kernel_diplomacy.TestFullGameLoop" name="test_07_replay_snapshots" time="0.096" /><testcase classname="backend.tests.test_kernel_diplomacy.TestDiplomacy" name="test_01_send_offer" time="1.582" /><testcase classname="backend.tests.test_kernel_diplomacy.TestDiplomacy" name="test_02_bob_sees_open_message" time="0.309" /><testcase classname="backend.tests.test_kernel_diplomacy.TestDiplomacy" name="test_03_bob_counter" time="1.065" /><testcase classname="backend.tests.test_kernel_diplomacy.TestDiplomacy" name="test_04_alice_accepts_counter" time="0.450" /><testcase classname="backend.tests.test_kernel_diplomacy.TestDiplomacy" name="test_05_decline_flow" time="1.285" /><testcase classname="backend.tests.test_kernel_owed_pact" name="test_kernel_ping_v3" time="0.051" /><testcase classname="backend.tests.test_kernel_owed_pact.TestOwedPactE2E" name="test_01_setup_game" time="0.597" /><testcase classname="backend.tests.test_kernel_owed_pact.TestOwedPactE2E" name="test_02_inbox_has_v3_fields" time="0.149" /><testcase classname="backend.tests.test_kernel_owed_pact.TestOwedPactE2E" name="test_03_send_trade_alice_to_bob" time="1.068" /><testcase classname="backend.tests.test_kernel_owed_pact.TestOwedPactE2E" name="test_04_bob_accepts" time="0.203" /><testcase classname="backend.tests.test_kernel_owed_pact.TestOwedPactE2E" name="test_05_alice_inbox_shows_owed_delivery" time="0.175" /><testcase classname="backend.tests.test_kernel_owed_pact.TestOwedPactE2E" name="test_06_bob_inbox_also_shows_owed_delivery" time="0.152" /><testcase classname="backend.tests.test_kernel_owed_pact.TestOwedPactE2E" name="test_07_deliver_pact_succeeds" time="0.201" /><testcase classname="backend.tests.test_kernel_owed_pact.TestOwedPactE2E" name="test_08_deliver_pact_bogus_still_400" time="0.143" /><testcase classname="backend.tests.test_kernel_owed_pact.TestOwedPactE2E" name="test_09_after_deliver_owed_shrinks" time="0.179" /><testcase classname="backend.tests.test_kernel_owed_pact.TestPersistenceRegression" name="test_persistence_roundtrip" time="4.960" /><testcase classname="backend.tests.test_kernel_persistence.TestPersistence" name="test_01_create_game_persists_to_mongo" time="1.352" /><testcase classname="backend.tests.test_kernel_persistence.TestPersistence" name="test_02_list_games_reflects_mongo" time="0.120" /><testcase classname="backend.tests.test_kernel_persistence.TestPersistence" name="test_03_join_second_player" time="0.244" /><testcase classname="backend.tests.test_kernel_persistence.TestPersistence" name="test_04_restart_backend_and_reload_from_mongo" time="3.045" /><testcase classname="backend.tests.test_kernel_persistence.TestDiplomacyExtras" name="test_01_inbox_shape" time="0.170" /><testcase classname="backend.tests.test_kernel_persistence.TestDiplomacyExtras" name="test_02_frontier_shape" time="0.151" /><testcase classname="backend.tests.test_kernel_persistence.TestDiplomacyExtras" name="test_03_answer_incident_bogus_returns_400" time="0.141" /><testcase classname="backend.tests.test_kernel_persistence.TestDiplomacyExtras" name="test_04_deliver_pact_bogus_returns_400" time="0.152" /><testcase classname="backend.tests.test_kernel_persistence.TestGameLoopEndToEnd" name="test_01_state_before" time="0.154" /><testcase classname="backend.tests.test_kernel_persistence.TestGameLoopEndToEnd" name="test_02_ready_both_players_advances_turn" time="2.965" /><testcase classname="backend.tests.test_kernel_recap" name="test_kernel_ping_v5" time="0.046" /><testcase classname="backend.tests.test_kernel_recap" name="test_save_version_unchanged" time="0.001" /><testcase classname="backend.tests.test_kernel_recap.TestRecapEndpoint" name="test_01_setup_game" time="0.425" /><testcase classname="backend.tests.test_kernel_recap.TestRecapEndpoint" name="test_02_missing_player_id_4xx" time="0.135" /><testcase classname="backend.tests.test_kernel_recap.TestRecapEndpoint" name="test_03_bogus_player_id_4xx" time="0.113" /><testcase classname="backend.tests.test_kernel_recap.TestRecapEndpoint" name="test_04_recap_shape_before_resolve" time="0.146" /><testcase classname="backend.tests.test_kernel_recap.TestRecapEndpoint" name="test_05_resolve_then_recap" time="1.500" /><testcase classname="backend.tests.test_kernel_recap.TestRecapEndpoint" name="test_06_overlay_after_backend_restart" time="4.241" /></testsuite></testsuites>