<?xml version="1.0" encoding="utf-8"?><testsuites name="pytest tests"><testsuite name="pytest" errors="0" failures="1" skipped="0" tests="9" time="5.367" timestamp="2026-09-24T19:05:55.531539+00:00" hostname="agent-env-f72533bf-c818-42b9-b0db-4946b12078f9"><testcase classname="backend.tests.test_kernel_game_types.TestGameTypes" name="test_list_game_types" time="0.232" /><testcase classname="backend.tests.test_kernel_game_types.TestGameTypes" name="test_ragnarok_options" time="0.612" /><testcase classname="backend.tests.test_kernel_game_types.TestGameTypes" name="test_trade_wars_options" time="0.462" /><testcase classname="backend.tests.test_kernel_game_types.TestGameTypes" name="test_post_apocalypse_options" time="0.439" /><testcase classname="backend.tests.test_kernel_game_types.TestGameTypes" name="test_ragnarok_default_fow" time="0.529" /><testcase classname="backend.tests.test_kernel_game_types.TestGameTypes" name="test_ragnarok_fow_override_off" time="0.451" /><testcase classname="backend.tests.test_kernel_game_types.TestGameTypes" name="test_standard_default" time="0.425" /><testcase classname="backend.tests.test_kernel_game_types.TestGameTypes" name="test_standard_explicit" time="0.435" /><testcase classname="backend.tests.test_kernel_game_types.TestRegressionRagnarokFlow" name="test_full_flow" time="1.527"><failure message="TypeError: string indices must be integers, not 'str'">backend/tests/test_kernel_game_types.py:123: in test_full_flow
    others = [p["id"] for p in view.get("players", []) if p["id"] != host_id]
             ^^^^^^^^^^^^^^^^^^^^^^^^^^^^^^^^^^^^^^^^^^^^^^^^^^^^^^^^^^^^^^^^
backend/tests/test_kernel_game_types.py:123: in &lt;listcomp&gt;
    others = [p["id"] for p in view.get("players", []) if p["id"] != host_id]
                                                          ^^^^^^^
E   TypeError: string indices must be integers, not 'str'</failure></testcase></testsuite></testsuites>