<?xml version="1.0" encoding="utf-8"?><testsuites name="pytest tests"><testsuite name="pytest" errors="0" failures="1" skipped="0" tests="41" time="38.319" timestamp="2026-09-16T20:16:06.628011+00:00" hostname="agent-env-f72533bf-c818-42b9-b0db-4946b12078f9"><testcase classname="backend.tests.test_kernel_diplomacy.TestFullGameLoop" name="test_01_create_game" time="0.550" /><testcase classname="backend.tests.test_kernel_diplomacy.TestFullGameLoop" name="test_02_join_bob" time="0.357" /><testcase classname="backend.tests.test_kernel_diplomacy.TestFullGameLoop" name="test_03_join_carol_auto_start" time="0.419" /><testcase classname="backend.tests.test_kernel_diplomacy.TestFullGameLoop" name="test_04_state_shape" time="0.335" /><testcase classname="backend.tests.test_kernel_diplomacy.TestFullGameLoop" name="test_05_submit_fleet_order" time="0.229" /><testcase classname="backend.tests.test_kernel_diplomacy.TestFullGameLoop" name="test_06_ready_all_advances_turn" time="3.470" /><testcase classname="backend.tests.test_kernel_diplomacy.TestFullGameLoop" name="test_07_replay_snapshots" time="0.155" /><testcase classname="backend.tests.test_kernel_diplomacy.TestDiplomacy" name="test_01_send_offer" time="3.203" /><testcase classname="backend.tests.test_kernel_diplomacy.TestDiplomacy" name="test_02_bob_sees_open_message" time="0.346" /><testcase classname="backend.tests.test_kernel_diplomacy.TestDiplomacy" name="test_03_bob_counter" time="1.192" /><testcase classname="backend.tests.test_kernel_diplomacy.TestDiplomacy" name="test_04_alice_accepts_counter" time="0.560" /><testcase classname="backend.tests.test_kernel_diplomacy.TestDiplomacy" name="test_05_decline_flow" time="1.421" /><testcase classname="backend.tests.test_kernel_owed_pact" name="test_kernel_ping_v3" time="0.053"><failure message="AssertionError: expected v3+, got {'ok': True, 'error': None, 'pong': True, 'version': 5}&#10;assert 5 in (3, 4)&#10; +  where 5 = &lt;built-in method get of dict object at 0xfd39b29a3a00&gt;('version')&#10; +    where &lt;built-in method get of dict object at 0xfd39b29a3a00&gt; = {'error': None, 'ok': True, 'pong': True, 'version': 5}.get">backend/tests/test_kernel_owed_pact.py:41: in test_kernel_ping_v3
    assert data.get("version") in (3, 4), f"expected v3+, got {data}"
E   AssertionError: expected v3+, got {'ok': True, 'error': None, 'pong': True, 'version': 5}
E   assert 5 in (3, 4)
E    +  where 5 = &lt;built-in method get of dict object at 0xfd39b29a3a00&gt;('version')
E    +    where &lt;built-in method get of dict object at 0xfd39b29a3a00&gt; = {'error': None, 'ok': True, 'pong': True, 'version': 5}.get</failure></testcase><testcase classname="backend.tests.test_kernel_owed_pact.TestOwedPactE2E" name="test_01_setup_game" time="0.697" /><testcase classname="backend.tests.test_kernel_owed_pact.TestOwedPactE2E" name="test_02_inbox_has_v3_fields" time="0.276" /><testcase classname="backend.tests.test_kernel_owed_pact.TestOwedPactE2E" name="test_03_send_trade_alice_to_bob" time="1.439" /><testcase classname="backend.tests.test_kernel_owed_pact.TestOwedPactE2E" name="test_04_bob_accepts" time="0.277" /><testcase classname="backend.tests.test_kernel_owed_pact.TestOwedPactE2E" name="test_05_alice_inbox_shows_owed_delivery" time="0.249" /><testcase classname="backend.tests.test_kernel_owed_pact.TestOwedPactE2E" name="test_06_bob_inbox_also_shows_owed_delivery" time="0.244" /><testcase classname="backend.tests.test_kernel_owed_pact.TestOwedPactE2E" name="test_07_deliver_pact_succeeds" time="0.232" /><testcase classname="backend.tests.test_kernel_owed_pact.TestOwedPactE2E" name="test_08_deliver_pact_bogus_still_400" time="0.213" /><testcase classname="backend.tests.test_kernel_owed_pact.TestOwedPactE2E" name="test_09_after_deliver_owed_shrinks" time="0.185" /><testcase classname="backend.tests.test_kernel_owed_pact.TestPersistenceRegression" name="test_persistence_roundtrip" time="4.165" /><testcase classname="backend.tests.test_kernel_persistence.TestPersistence" name="test_01_create_game_persists_to_mongo" time="1.452" /><testcase classname="backend.tests.test_kernel_persistence.TestPersistence" name="test_02_list_games_reflects_mongo" time="0.149" /><testcase classname="backend.tests.test_kernel_persistence.TestPersistence" name="test_03_join_second_player" time="0.339" /><testcase classname="backend.tests.test_kernel_persistence.TestPersistence" name="test_04_restart_backend_and_reload_from_mongo" time="3.700" /><testcase classname="backend.tests.test_kernel_persistence.TestDiplomacyExtras" name="test_01_inbox_shape" time="0.164" /><testcase classname="backend.tests.test_kernel_persistence.TestDiplomacyExtras" name="test_02_frontier_shape" time="0.250" /><testcase classname="backend.tests.test_kernel_persistence.TestDiplomacyExtras" name="test_03_answer_incident_bogus_returns_400" time="0.214" /><testcase classname="backend.tests.test_kernel_persistence.TestDiplomacyExtras" name="test_04_deliver_pact_bogus_returns_400" time="0.294" /><testcase classname="backend.tests.test_kernel_persistence.TestGameLoopEndToEnd" name="test_01_state_before" time="0.178" /><testcase classname="backend.tests.test_kernel_persistence.TestGameLoopEndToEnd" name="test_02_ready_both_players_advances_turn" time="3.013" /><testcase classname="backend.tests.test_kernel_recap" name="test_kernel_ping_v5" time="0.053" /><testcase classname="backend.tests.test_kernel_recap" name="test_save_version_unchanged" time="0.001" /><testcase classname="backend.tests.test_kernel_recap.TestRecapEndpoint" name="test_01_setup_game" time="0.660" /><testcase classname="backend.tests.test_kernel_recap.TestRecapEndpoint" name="test_02_missing_player_id_4xx" time="0.088" /><testcase classname="backend.tests.test_kernel_recap.TestRecapEndpoint" name="test_03_bogus_player_id_4xx" time="0.168" /><testcase classname="backend.tests.test_kernel_recap.TestRecapEndpoint" name="test_04_recap_shape_before_resolve" time="0.176" /><testcase classname="backend.tests.test_kernel_recap.TestRecapEndpoint" name="test_05_resolve_then_recap" time="3.051" /><testcase classname="backend.tests.test_kernel_recap.TestRecapEndpoint" name="test_06_overlay_after_backend_restart" time="3.683" /></testsuite></testsuites>