<?xml version="1.0" encoding="utf-8"?><testsuites name="pytest tests"><testsuite name="pytest" errors="0" failures="1" skipped="0" tests="33" time="27.377" timestamp="2026-09-16T00:45:11.646543+00:00" hostname="agent-env-f72533bf-c818-42b9-b0db-4946b12078f9"><testcase classname="backend.tests.test_kernel_diplomacy.TestFullGameLoop" name="test_01_create_game" time="0.404" /><testcase classname="backend.tests.test_kernel_diplomacy.TestFullGameLoop" name="test_02_join_bob" time="0.308" /><testcase classname="backend.tests.test_kernel_diplomacy.TestFullGameLoop" name="test_03_join_carol_auto_start" time="0.352" /><testcase classname="backend.tests.test_kernel_diplomacy.TestFullGameLoop" name="test_04_state_shape" time="0.330" /><testcase classname="backend.tests.test_kernel_diplomacy.TestFullGameLoop" name="test_05_submit_fleet_order" time="0.395" /><testcase classname="backend.tests.test_kernel_diplomacy.TestFullGameLoop" name="test_06_ready_all_advances_turn" time="3.540" /><testcase classname="backend.tests.test_kernel_diplomacy.TestFullGameLoop" name="test_07_replay_snapshots" time="0.151" /><testcase classname="backend.tests.test_kernel_diplomacy.TestDiplomacy" name="test_01_send_offer" time="1.119" /><testcase classname="backend.tests.test_kernel_diplomacy.TestDiplomacy" name="test_02_bob_sees_open_message" time="0.301" /><testcase classname="backend.tests.test_kernel_diplomacy.TestDiplomacy" name="test_03_bob_counter" time="1.088" /><testcase classname="backend.tests.test_kernel_diplomacy.TestDiplomacy" name="test_04_alice_accepts_counter" time="0.473" /><testcase classname="backend.tests.test_kernel_diplomacy.TestDiplomacy" name="test_05_decline_flow" time="1.377" /><testcase classname="backend.tests.test_kernel_owed_pact" name="test_kernel_ping_v3" time="0.052"><failure message="AssertionError: expected v3, got {'ok': True, 'error': None, 'pong': True, 'version': 4}&#10;assert 4 == 3&#10; +  where 4 = &lt;built-in method get of dict object at 0xfdc465f1b0c0&gt;('version')&#10; +    where &lt;built-in method get of dict object at 0xfdc465f1b0c0&gt; = {'error': None, 'ok': True, 'pong': True, 'version': 4}.get">backend/tests/test_kernel_owed_pact.py:41: in test_kernel_ping_v3
    assert data.get("version") == 3, f"expected v3, got {data}"
E   AssertionError: expected v3, got {'ok': True, 'error': None, 'pong': True, 'version': 4}
E   assert 4 == 3
E    +  where 4 = &lt;built-in method get of dict object at 0xfdc465f1b0c0&gt;('version')
E    +    where &lt;built-in method get of dict object at 0xfdc465f1b0c0&gt; = {'error': None, 'ok': True, 'pong': True, 'version': 4}.get</failure></testcase><testcase classname="backend.tests.test_kernel_owed_pact.TestOwedPactE2E" name="test_01_setup_game" time="0.668" /><testcase classname="backend.tests.test_kernel_owed_pact.TestOwedPactE2E" name="test_02_inbox_has_v3_fields" time="0.171" /><testcase classname="backend.tests.test_kernel_owed_pact.TestOwedPactE2E" name="test_03_send_trade_alice_to_bob" time="1.128" /><testcase classname="backend.tests.test_kernel_owed_pact.TestOwedPactE2E" name="test_04_bob_accepts" time="0.258" /><testcase classname="backend.tests.test_kernel_owed_pact.TestOwedPactE2E" name="test_05_alice_inbox_shows_owed_delivery" time="0.199" /><testcase classname="backend.tests.test_kernel_owed_pact.TestOwedPactE2E" name="test_06_bob_inbox_also_shows_owed_delivery" time="0.180" /><testcase classname="backend.tests.test_kernel_owed_pact.TestOwedPactE2E" name="test_07_deliver_pact_succeeds" time="0.204" /><testcase classname="backend.tests.test_kernel_owed_pact.TestOwedPactE2E" name="test_08_deliver_pact_bogus_still_400" time="0.179" /><testcase classname="backend.tests.test_kernel_owed_pact.TestOwedPactE2E" name="test_09_after_deliver_owed_shrinks" time="0.182" /><testcase classname="backend.tests.test_kernel_owed_pact.TestPersistenceRegression" name="test_persistence_roundtrip" time="4.638" /><testcase classname="backend.tests.test_kernel_persistence.TestPersistence" name="test_01_create_game_persists_to_mongo" time="1.469" /><testcase classname="backend.tests.test_kernel_persistence.TestPersistence" name="test_02_list_games_reflects_mongo" time="0.123" /><testcase classname="backend.tests.test_kernel_persistence.TestPersistence" name="test_03_join_second_player" time="0.274" /><testcase classname="backend.tests.test_kernel_persistence.TestPersistence" name="test_04_restart_backend_and_reload_from_mongo" time="3.575" /><testcase classname="backend.tests.test_kernel_persistence.TestDiplomacyExtras" name="test_01_inbox_shape" time="0.233" /><testcase classname="backend.tests.test_kernel_persistence.TestDiplomacyExtras" name="test_02_frontier_shape" time="0.160" /><testcase classname="backend.tests.test_kernel_persistence.TestDiplomacyExtras" name="test_03_answer_incident_bogus_returns_400" time="0.183" /><testcase classname="backend.tests.test_kernel_persistence.TestDiplomacyExtras" name="test_04_deliver_pact_bogus_returns_400" time="0.176" /><testcase classname="backend.tests.test_kernel_persistence.TestGameLoopEndToEnd" name="test_01_state_before" time="0.182" /><testcase classname="backend.tests.test_kernel_persistence.TestGameLoopEndToEnd" name="test_02_ready_both_players_advances_turn" time="3.035" /></testsuite></testsuites>