<?xml version="1.0" encoding="utf-8"?><testsuites name="pytest tests"><testsuite name="pytest" errors="0" failures="0" skipped="0" tests="7" time="1.722" timestamp="2026-08-18T10:00:38.354018+00:00" hostname="agent-env-de9135a3-3dec-4455-97f0-bff886546a4b"><testcase classname="tests.backend.test_victory_lock_http" name="test_state_still_readable_and_shows_game_over" time="0.944" /><testcase classname="tests.backend.test_victory_lock_http" name="test_orders_returns_409" time="0.096" /><testcase classname="tests.backend.test_victory_lock_http" name="test_build_orders_returns_409" time="0.113" /><testcase classname="tests.backend.test_victory_lock_http" name="test_ready_returns_409" time="0.104" /><testcase classname="tests.backend.test_victory_lock_http" name="test_resolve_turn_returns_409" time="0.123" /><testcase classname="tests.backend.test_victory_lock_http" name="test_timer_returns_409" time="0.115" /><testcase classname="tests.backend.test_victory_lock_http" name="test_rally_returns_409" time="0.102" /></testsuite></testsuites>